\BOOKMARK [1][-]{section.1}{Machine\040Learning\040Engineer\040Nanodegree}{}% 1
\BOOKMARK [2][-]{subsection.1.1}{Model\040Evaluation\040&\040Validation}{section.1}% 2
\BOOKMARK [2][-]{subsection.1.2}{Project\0401:\040Predicting\040Boston\040Housing\040Prices}{section.1}% 3
\BOOKMARK [2][-]{subsection.1.3}{Getting\040Started}{section.1}% 4
\BOOKMARK [2][-]{subsection.1.4}{Data\040Exploration}{section.1}% 5
\BOOKMARK [3][-]{subsubsection.1.4.1}{Implementation:\040Calculate\040Statistics}{subsection.1.4}% 6
\BOOKMARK [3][-]{subsubsection.1.4.2}{Question\0401\040-\040Feature\040Observation}{subsection.1.4}% 7
\BOOKMARK [2][-]{subsection.1.5}{Developing\040a\040Model}{section.1}% 8
\BOOKMARK [3][-]{subsubsection.1.5.1}{Implementation:\040Define\040a\040Performance\040Metric}{subsection.1.5}% 9
\BOOKMARK [3][-]{subsubsection.1.5.2}{Question\0402\040-\040Goodness\040of\040Fit}{subsection.1.5}% 10
\BOOKMARK [3][-]{subsubsection.1.5.3}{Implementation:\040Shuffle\040and\040Split\040Data}{subsection.1.5}% 11
\BOOKMARK [3][-]{subsubsection.1.5.4}{Question\0403\040-\040Training\040and\040Testing}{subsection.1.5}% 12
\BOOKMARK [2][-]{subsection.1.6}{Analyzing\040Model\040Performance}{section.1}% 13
\BOOKMARK [3][-]{subsubsection.1.6.1}{Learning\040Curves}{subsection.1.6}% 14
\BOOKMARK [3][-]{subsubsection.1.6.2}{Question\0404\040-\040Learning\040the\040Data}{subsection.1.6}% 15
\BOOKMARK [3][-]{subsubsection.1.6.3}{Complexity\040Curves}{subsection.1.6}% 16
\BOOKMARK [3][-]{subsubsection.1.6.4}{Question\0405\040-\040Bias-Variance\040Tradeoff}{subsection.1.6}% 17
\BOOKMARK [3][-]{subsubsection.1.6.5}{Question\0406\040-\040Best-Guess\040Optimal\040Model}{subsection.1.6}% 18
\BOOKMARK [2][-]{subsection.1.7}{Evaluating\040Model\040Performance}{section.1}% 19
\BOOKMARK [3][-]{subsubsection.1.7.1}{Question\0407\040-\040Grid\040Search}{subsection.1.7}% 20
\BOOKMARK [3][-]{subsubsection.1.7.2}{Question\0408\040-\040Cross-Validation}{subsection.1.7}% 21
\BOOKMARK [3][-]{subsubsection.1.7.3}{Implementation:\040Fitting\040a\040Model}{subsection.1.7}% 22
\BOOKMARK [3][-]{subsubsection.1.7.4}{Making\040Predictions}{subsection.1.7}% 23
\BOOKMARK [3][-]{subsubsection.1.7.5}{Question\0409\040-\040Optimal\040Model}{subsection.1.7}% 24
\BOOKMARK [3][-]{subsubsection.1.7.6}{Question\04010\040-\040Predicting\040Selling\040Prices}{subsection.1.7}% 25
\BOOKMARK [3][-]{subsubsection.1.7.7}{Sensitivity}{subsection.1.7}% 26
\BOOKMARK [3][-]{subsubsection.1.7.8}{Question\04011\040-\040Applicability}{subsection.1.7}% 27
